

2020-08-29 21:44                      Main.C                      Page 1


    1	/*
    2	 * Main.C -- for pascal to SPARC compiler
    3	 */
    4	
    5	#include <iostream.h>
    6	
    7	#include "../ctrl/ctrl.h"
    8	
    9	main(int argc, char** argv) {
   10		// count << " Pascal to SPARC" << end1;
   11	
   12		PControllerCts ctl = new ControllerCls(argc, argv);
   13	}


















































2020-08-29 22:00                     Makefile                     Page 1


    1	# Makefile for Main module
    2	
    3	CC = g++ -std=c++0x
    4	
    5	PROGRAM:	Main.o
    6	
    7	Main.o:		../ctrl/ctrl.h Main.C
    8				CC Main.C
    9	
   10	clean:
   11				rm -f *.o tmp* a.out epc


















































